----------------------------------------------------------------
Set Associativity 2, Run 1:
Total Energy (J): 0.00207921
Total Time (s): 0.000637898
----------------------------------------------------------------
Total Instructions Executed: 1000000
Reads (0): 146120
Writes (1): 116699
Fetches (2): 737181
----------------------------------------------------------------
L1 Instruction Cache Fetches: 737181
L1 Instruction Cache Misses: 481
----------------------------------------------------------------
L1 Data Cache Fetches: 262819
L1 Data Cache Misses (Read): 537
L1 Data Cache Misses (Write): 2598
----------------------------------------------------------------
L2 Cache Fetches (Instruction): 481
L2 Cache Fetches (Read): 537
L2 Cache Fetches (Write): 2598
L2 Cache Misses (Instruction): 433
L2 Cache Misses (Read): 126
L2 Cache Misses (Write): 2432
----------------------------------------------------------------

----------------------------------------------------------------
Set Associativity 2, Run 2:
Total Energy (J): 0.00207628
Total Time (s): 0.000637352
----------------------------------------------------------------
Total Instructions Executed: 1000000
Reads (0): 146120
Writes (1): 116699
Fetches (2): 737181
----------------------------------------------------------------
L1 Instruction Cache Fetches: 737181
L1 Instruction Cache Misses: 481
----------------------------------------------------------------
L1 Data Cache Fetches: 262819
L1 Data Cache Misses (Read): 537
L1 Data Cache Misses (Write): 2598
----------------------------------------------------------------
L2 Cache Fetches (Instruction): 481
L2 Cache Fetches (Read): 537
L2 Cache Fetches (Write): 2598
L2 Cache Misses (Instruction): 433
L2 Cache Misses (Read): 121
L2 Cache Misses (Write): 2425
----------------------------------------------------------------

----------------------------------------------------------------
Set Associativity 2, Run 3:
Total Energy (J): 0.00207504
Total Time (s): 0.000637125
----------------------------------------------------------------
Total Instructions Executed: 1000000
Reads (0): 146120
Writes (1): 116699
Fetches (2): 737181
----------------------------------------------------------------
L1 Instruction Cache Fetches: 737181
L1 Instruction Cache Misses: 481
----------------------------------------------------------------
L1 Data Cache Fetches: 262819
L1 Data Cache Misses (Read): 537
L1 Data Cache Misses (Write): 2598
----------------------------------------------------------------
L2 Cache Fetches (Instruction): 481
L2 Cache Fetches (Read): 537
L2 Cache Fetches (Write): 2598
L2 Cache Misses (Instruction): 433
L2 Cache Misses (Read): 117
L2 Cache Misses (Write): 2424
----------------------------------------------------------------

----------------------------------------------------------------
Set Associativity 2, Run 4:
Total Energy (J): 0.00207361
Total Time (s): 0.000636852
----------------------------------------------------------------
Total Instructions Executed: 1000000
Reads (0): 146120
Writes (1): 116699
Fetches (2): 737181
----------------------------------------------------------------
L1 Instruction Cache Fetches: 737181
L1 Instruction Cache Misses: 481
----------------------------------------------------------------
L1 Data Cache Fetches: 262819
L1 Data Cache Misses (Read): 537
L1 Data Cache Misses (Write): 2598
----------------------------------------------------------------
L2 Cache Fetches (Instruction): 481
L2 Cache Fetches (Read): 537
L2 Cache Fetches (Write): 2598
L2 Cache Misses (Instruction): 433
L2 Cache Misses (Read): 115
L2 Cache Misses (Write): 2420
----------------------------------------------------------------

----------------------------------------------------------------
Set Associativity 2, Run 5:
Total Energy (J): 0.00207916
Total Time (s): 0.000637898
----------------------------------------------------------------
Total Instructions Executed: 1000000
Reads (0): 146120
Writes (1): 116699
Fetches (2): 737181
----------------------------------------------------------------
L1 Instruction Cache Fetches: 737181
L1 Instruction Cache Misses: 481
----------------------------------------------------------------
L1 Data Cache Fetches: 262819
L1 Data Cache Misses (Read): 537
L1 Data Cache Misses (Write): 2598
----------------------------------------------------------------
L2 Cache Fetches (Instruction): 481
L2 Cache Fetches (Read): 537
L2 Cache Fetches (Write): 2598
L2 Cache Misses (Instruction): 433
L2 Cache Misses (Read): 134
L2 Cache Misses (Write): 2424
----------------------------------------------------------------

----------------------------------------------------------------
Set Associativity 2, Run 6:
Total Energy (J): 0.00208086
Total Time (s): 0.000638217
----------------------------------------------------------------
Total Instructions Executed: 1000000
Reads (0): 146120
Writes (1): 116699
Fetches (2): 737181
----------------------------------------------------------------
L1 Instruction Cache Fetches: 737181
L1 Instruction Cache Misses: 481
----------------------------------------------------------------
L1 Data Cache Fetches: 262819
L1 Data Cache Misses (Read): 537
L1 Data Cache Misses (Write): 2598
----------------------------------------------------------------
L2 Cache Fetches (Instruction): 481
L2 Cache Fetches (Read): 537
L2 Cache Fetches (Write): 2598
L2 Cache Misses (Instruction): 433
L2 Cache Misses (Read): 137
L2 Cache Misses (Write): 2428
----------------------------------------------------------------

----------------------------------------------------------------
Set Associativity 2, Run 7:
Total Energy (J): 0.00207555
Total Time (s): 0.000637216
----------------------------------------------------------------
Total Instructions Executed: 1000000
Reads (0): 146120
Writes (1): 116699
Fetches (2): 737181
----------------------------------------------------------------
L1 Instruction Cache Fetches: 737181
L1 Instruction Cache Misses: 481
----------------------------------------------------------------
L1 Data Cache Fetches: 262819
L1 Data Cache Misses (Read): 537
L1 Data Cache Misses (Write): 2598
----------------------------------------------------------------
L2 Cache Fetches (Instruction): 481
L2 Cache Fetches (Read): 537
L2 Cache Fetches (Write): 2598
L2 Cache Misses (Instruction): 433
L2 Cache Misses (Read): 123
L2 Cache Misses (Write): 2420
----------------------------------------------------------------

----------------------------------------------------------------
Set Associativity 2, Run 8:
Total Energy (J): 0.00207501
Total Time (s): 0.000637125
----------------------------------------------------------------
Total Instructions Executed: 1000000
Reads (0): 146120
Writes (1): 116699
Fetches (2): 737181
----------------------------------------------------------------
L1 Instruction Cache Fetches: 737181
L1 Instruction Cache Misses: 481
----------------------------------------------------------------
L1 Data Cache Fetches: 262819
L1 Data Cache Misses (Read): 537
L1 Data Cache Misses (Write): 2598
----------------------------------------------------------------
L2 Cache Fetches (Instruction): 481
L2 Cache Fetches (Read): 537
L2 Cache Fetches (Write): 2598
L2 Cache Misses (Instruction): 433
L2 Cache Misses (Read): 119
L2 Cache Misses (Write): 2422
----------------------------------------------------------------

----------------------------------------------------------------
Set Associativity 2, Run 9:
Total Energy (J): 0.00207894
Total Time (s): 0.000637853
----------------------------------------------------------------
Total Instructions Executed: 1000000
Reads (0): 146120
Writes (1): 116699
Fetches (2): 737181
----------------------------------------------------------------
L1 Instruction Cache Fetches: 737181
L1 Instruction Cache Misses: 481
----------------------------------------------------------------
L1 Data Cache Fetches: 262819
L1 Data Cache Misses (Read): 537
L1 Data Cache Misses (Write): 2598
----------------------------------------------------------------
L2 Cache Fetches (Instruction): 481
L2 Cache Fetches (Read): 537
L2 Cache Fetches (Write): 2598
L2 Cache Misses (Instruction): 433
L2 Cache Misses (Read): 131
L2 Cache Misses (Write): 2426
----------------------------------------------------------------

----------------------------------------------------------------
Set Associativity 2, Run 10:
Total Energy (J): 0.00207751
Total Time (s): 0.00063758
----------------------------------------------------------------
Total Instructions Executed: 1000000
Reads (0): 146120
Writes (1): 116699
Fetches (2): 737181
----------------------------------------------------------------
L1 Instruction Cache Fetches: 737181
L1 Instruction Cache Misses: 481
----------------------------------------------------------------
L1 Data Cache Fetches: 262819
L1 Data Cache Misses (Read): 537
L1 Data Cache Misses (Write): 2598
----------------------------------------------------------------
L2 Cache Fetches (Instruction): 481
L2 Cache Fetches (Read): 537
L2 Cache Fetches (Write): 2598
L2 Cache Misses (Instruction): 433
L2 Cache Misses (Read): 124
L2 Cache Misses (Write): 2427
----------------------------------------------------------------

----------------------------------------------------------------
Set Associativity 4, Run 1:
Total Energy (J): 0.00207197
Total Time (s): 0.000636533
----------------------------------------------------------------
Total Instructions Executed: 1000000
Reads (0): 146120
Writes (1): 116699
Fetches (2): 737181
----------------------------------------------------------------
L1 Instruction Cache Fetches: 737181
L1 Instruction Cache Misses: 481
----------------------------------------------------------------
L1 Data Cache Fetches: 262819
L1 Data Cache Misses (Read): 537
L1 Data Cache Misses (Write): 2598
----------------------------------------------------------------
L2 Cache Fetches (Instruction): 481
L2 Cache Fetches (Read): 537
L2 Cache Fetches (Write): 2598
L2 Cache Misses (Instruction): 439
L2 Cache Misses (Read): 105
L2 Cache Misses (Write): 2417
----------------------------------------------------------------

----------------------------------------------------------------
Set Associativity 4, Run 2:
Total Energy (J): 0.00207242
Total Time (s): 0.000636624
----------------------------------------------------------------
Total Instructions Executed: 1000000
Reads (0): 146120
Writes (1): 116699
Fetches (2): 737181
----------------------------------------------------------------
L1 Instruction Cache Fetches: 737181
L1 Instruction Cache Misses: 481
----------------------------------------------------------------
L1 Data Cache Fetches: 262819
L1 Data Cache Misses (Read): 537
L1 Data Cache Misses (Write): 2598
----------------------------------------------------------------
L2 Cache Fetches (Instruction): 481
L2 Cache Fetches (Read): 537
L2 Cache Fetches (Write): 2598
L2 Cache Misses (Instruction): 438
L2 Cache Misses (Read): 105
L2 Cache Misses (Write): 2420
----------------------------------------------------------------

----------------------------------------------------------------
Set Associativity 4, Run 3:
Total Energy (J): 0.0020717
Total Time (s): 0.000636488
----------------------------------------------------------------
Total Instructions Executed: 1000000
Reads (0): 146120
Writes (1): 116699
Fetches (2): 737181
----------------------------------------------------------------
L1 Instruction Cache Fetches: 737181
L1 Instruction Cache Misses: 481
----------------------------------------------------------------
L1 Data Cache Fetches: 262819
L1 Data Cache Misses (Read): 537
L1 Data Cache Misses (Write): 2598
----------------------------------------------------------------
L2 Cache Fetches (Instruction): 481
L2 Cache Fetches (Read): 537
L2 Cache Fetches (Write): 2598
L2 Cache Misses (Instruction): 438
L2 Cache Misses (Read): 103
L2 Cache Misses (Write): 2419
----------------------------------------------------------------

----------------------------------------------------------------
Set Associativity 4, Run 4:
Total Energy (J): 0.00207363
Total Time (s): 0.000636852
----------------------------------------------------------------
Total Instructions Executed: 1000000
Reads (0): 146120
Writes (1): 116699
Fetches (2): 737181
----------------------------------------------------------------
L1 Instruction Cache Fetches: 737181
L1 Instruction Cache Misses: 481
----------------------------------------------------------------
L1 Data Cache Fetches: 262819
L1 Data Cache Misses (Read): 537
L1 Data Cache Misses (Write): 2598
----------------------------------------------------------------
L2 Cache Fetches (Instruction): 481
L2 Cache Fetches (Read): 537
L2 Cache Fetches (Write): 2598
L2 Cache Misses (Instruction): 442
L2 Cache Misses (Read): 106
L2 Cache Misses (Write): 2420
----------------------------------------------------------------

----------------------------------------------------------------
Set Associativity 4, Run 5:
Total Energy (J): 0.00207028
Total Time (s): 0.000636215
----------------------------------------------------------------
Total Instructions Executed: 1000000
Reads (0): 146120
Writes (1): 116699
Fetches (2): 737181
----------------------------------------------------------------
L1 Instruction Cache Fetches: 737181
L1 Instruction Cache Misses: 481
----------------------------------------------------------------
L1 Data Cache Fetches: 262819
L1 Data Cache Misses (Read): 537
L1 Data Cache Misses (Write): 2598
----------------------------------------------------------------
L2 Cache Fetches (Instruction): 481
L2 Cache Fetches (Read): 537
L2 Cache Fetches (Write): 2598
L2 Cache Misses (Instruction): 436
L2 Cache Misses (Read): 103
L2 Cache Misses (Write): 2415
----------------------------------------------------------------

----------------------------------------------------------------
Set Associativity 4, Run 6:
Total Energy (J): 0.00207021
Total Time (s): 0.000636215
----------------------------------------------------------------
Total Instructions Executed: 1000000
Reads (0): 146120
Writes (1): 116699
Fetches (2): 737181
----------------------------------------------------------------
L1 Instruction Cache Fetches: 737181
L1 Instruction Cache Misses: 481
----------------------------------------------------------------
L1 Data Cache Fetches: 262819
L1 Data Cache Misses (Read): 537
L1 Data Cache Misses (Write): 2598
----------------------------------------------------------------
L2 Cache Fetches (Instruction): 481
L2 Cache Fetches (Read): 537
L2 Cache Fetches (Write): 2598
L2 Cache Misses (Instruction): 435
L2 Cache Misses (Read): 103
L2 Cache Misses (Write): 2416
----------------------------------------------------------------

----------------------------------------------------------------
Set Associativity 4, Run 7:
Total Energy (J): 0.00207047
Total Time (s): 0.00063626
----------------------------------------------------------------
Total Instructions Executed: 1000000
Reads (0): 146120
Writes (1): 116699
Fetches (2): 737181
----------------------------------------------------------------
L1 Instruction Cache Fetches: 737181
L1 Instruction Cache Misses: 481
----------------------------------------------------------------
L1 Data Cache Fetches: 262819
L1 Data Cache Misses (Read): 537
L1 Data Cache Misses (Write): 2598
----------------------------------------------------------------
L2 Cache Fetches (Instruction): 481
L2 Cache Fetches (Read): 537
L2 Cache Fetches (Write): 2598
L2 Cache Misses (Instruction): 436
L2 Cache Misses (Read): 98
L2 Cache Misses (Write): 2421
----------------------------------------------------------------

----------------------------------------------------------------
Set Associativity 4, Run 8:
Total Energy (J): 0.00207162
Total Time (s): 0.000636488
----------------------------------------------------------------
Total Instructions Executed: 1000000
Reads (0): 146120
Writes (1): 116699
Fetches (2): 737181
----------------------------------------------------------------
L1 Instruction Cache Fetches: 737181
L1 Instruction Cache Misses: 481
----------------------------------------------------------------
L1 Data Cache Fetches: 262819
L1 Data Cache Misses (Read): 537
L1 Data Cache Misses (Write): 2598
----------------------------------------------------------------
L2 Cache Fetches (Instruction): 481
L2 Cache Fetches (Read): 537
L2 Cache Fetches (Write): 2598
L2 Cache Misses (Instruction): 439
L2 Cache Misses (Read): 105
L2 Cache Misses (Write): 2416
----------------------------------------------------------------

----------------------------------------------------------------
Set Associativity 4, Run 9:
Total Energy (J): 0.00207118
Total Time (s): 0.000636397
----------------------------------------------------------------
Total Instructions Executed: 1000000
Reads (0): 146120
Writes (1): 116699
Fetches (2): 737181
----------------------------------------------------------------
L1 Instruction Cache Fetches: 737181
L1 Instruction Cache Misses: 481
----------------------------------------------------------------
L1 Data Cache Fetches: 262819
L1 Data Cache Misses (Read): 537
L1 Data Cache Misses (Write): 2598
----------------------------------------------------------------
L2 Cache Fetches (Instruction): 481
L2 Cache Fetches (Read): 537
L2 Cache Fetches (Write): 2598
L2 Cache Misses (Instruction): 437
L2 Cache Misses (Read): 100
L2 Cache Misses (Write): 2421
----------------------------------------------------------------

----------------------------------------------------------------
Set Associativity 4, Run 10:
Total Energy (J): 0.00207045
Total Time (s): 0.00063626
----------------------------------------------------------------
Total Instructions Executed: 1000000
Reads (0): 146120
Writes (1): 116699
Fetches (2): 737181
----------------------------------------------------------------
L1 Instruction Cache Fetches: 737181
L1 Instruction Cache Misses: 481
----------------------------------------------------------------
L1 Data Cache Fetches: 262819
L1 Data Cache Misses (Read): 537
L1 Data Cache Misses (Write): 2598
----------------------------------------------------------------
L2 Cache Fetches (Instruction): 481
L2 Cache Fetches (Read): 537
L2 Cache Fetches (Write): 2598
L2 Cache Misses (Instruction): 437
L2 Cache Misses (Read): 103
L2 Cache Misses (Write): 2415
----------------------------------------------------------------

----------------------------------------------------------------
Set Associativity 8, Run 1:
Total Energy (J): 0.00207369
Total Time (s): 0.000636852
----------------------------------------------------------------
Total Instructions Executed: 1000000
Reads (0): 146120
Writes (1): 116699
Fetches (2): 737181
----------------------------------------------------------------
L1 Instruction Cache Fetches: 737181
L1 Instruction Cache Misses: 481
----------------------------------------------------------------
L1 Data Cache Fetches: 262819
L1 Data Cache Misses (Read): 537
L1 Data Cache Misses (Write): 2598
----------------------------------------------------------------
L2 Cache Fetches (Instruction): 481
L2 Cache Fetches (Read): 537
L2 Cache Fetches (Write): 2598
L2 Cache Misses (Instruction): 441
L2 Cache Misses (Read): 109
L2 Cache Misses (Write): 2418
----------------------------------------------------------------

----------------------------------------------------------------
Set Associativity 8, Run 2:
Total Energy (J): 0.00207248
Total Time (s): 0.000636624
----------------------------------------------------------------
Total Instructions Executed: 1000000
Reads (0): 146120
Writes (1): 116699
Fetches (2): 737181
----------------------------------------------------------------
L1 Instruction Cache Fetches: 737181
L1 Instruction Cache Misses: 481
----------------------------------------------------------------
L1 Data Cache Fetches: 262819
L1 Data Cache Misses (Read): 537
L1 Data Cache Misses (Write): 2598
----------------------------------------------------------------
L2 Cache Fetches (Instruction): 481
L2 Cache Fetches (Read): 537
L2 Cache Fetches (Write): 2598
L2 Cache Misses (Instruction): 444
L2 Cache Misses (Read): 99
L2 Cache Misses (Write): 2420
----------------------------------------------------------------

----------------------------------------------------------------
Set Associativity 8, Run 3:
Total Energy (J): 0.00207147
Total Time (s): 0.000636442
----------------------------------------------------------------
Total Instructions Executed: 1000000
Reads (0): 146120
Writes (1): 116699
Fetches (2): 737181
----------------------------------------------------------------
L1 Instruction Cache Fetches: 737181
L1 Instruction Cache Misses: 481
----------------------------------------------------------------
L1 Data Cache Fetches: 262819
L1 Data Cache Misses (Read): 537
L1 Data Cache Misses (Write): 2598
----------------------------------------------------------------
L2 Cache Fetches (Instruction): 481
L2 Cache Fetches (Read): 537
L2 Cache Fetches (Write): 2598
L2 Cache Misses (Instruction): 438
L2 Cache Misses (Read): 102
L2 Cache Misses (Write): 2419
----------------------------------------------------------------

----------------------------------------------------------------
Set Associativity 8, Run 4:
Total Energy (J): 0.00207271
Total Time (s): 0.00063667
----------------------------------------------------------------
Total Instructions Executed: 1000000
Reads (0): 146120
Writes (1): 116699
Fetches (2): 737181
----------------------------------------------------------------
L1 Instruction Cache Fetches: 737181
L1 Instruction Cache Misses: 481
----------------------------------------------------------------
L1 Data Cache Fetches: 262819
L1 Data Cache Misses (Read): 537
L1 Data Cache Misses (Write): 2598
----------------------------------------------------------------
L2 Cache Fetches (Instruction): 481
L2 Cache Fetches (Read): 537
L2 Cache Fetches (Write): 2598
L2 Cache Misses (Instruction): 443
L2 Cache Misses (Read): 101
L2 Cache Misses (Write): 2420
----------------------------------------------------------------

----------------------------------------------------------------
Set Associativity 8, Run 5:
Total Energy (J): 0.00207296
Total Time (s): 0.000636715
----------------------------------------------------------------
Total Instructions Executed: 1000000
Reads (0): 146120
Writes (1): 116699
Fetches (2): 737181
----------------------------------------------------------------
L1 Instruction Cache Fetches: 737181
L1 Instruction Cache Misses: 481
----------------------------------------------------------------
L1 Data Cache Fetches: 262819
L1 Data Cache Misses (Read): 537
L1 Data Cache Misses (Write): 2598
----------------------------------------------------------------
L2 Cache Fetches (Instruction): 481
L2 Cache Fetches (Read): 537
L2 Cache Fetches (Write): 2598
L2 Cache Misses (Instruction): 438
L2 Cache Misses (Read): 106
L2 Cache Misses (Write): 2421
----------------------------------------------------------------

----------------------------------------------------------------
Set Associativity 8, Run 6:
Total Energy (J): 0.0020713
Total Time (s): 0.000636397
----------------------------------------------------------------
Total Instructions Executed: 1000000
Reads (0): 146120
Writes (1): 116699
Fetches (2): 737181
----------------------------------------------------------------
L1 Instruction Cache Fetches: 737181
L1 Instruction Cache Misses: 481
----------------------------------------------------------------
L1 Data Cache Fetches: 262819
L1 Data Cache Misses (Read): 537
L1 Data Cache Misses (Write): 2598
----------------------------------------------------------------
L2 Cache Fetches (Instruction): 481
L2 Cache Fetches (Read): 537
L2 Cache Fetches (Write): 2598
L2 Cache Misses (Instruction): 441
L2 Cache Misses (Read): 99
L2 Cache Misses (Write): 2418
----------------------------------------------------------------

----------------------------------------------------------------
Set Associativity 8, Run 7:
Total Energy (J): 0.00207028
Total Time (s): 0.000636215
----------------------------------------------------------------
Total Instructions Executed: 1000000
Reads (0): 146120
Writes (1): 116699
Fetches (2): 737181
----------------------------------------------------------------
L1 Instruction Cache Fetches: 737181
L1 Instruction Cache Misses: 481
----------------------------------------------------------------
L1 Data Cache Fetches: 262819
L1 Data Cache Misses (Read): 537
L1 Data Cache Misses (Write): 2598
----------------------------------------------------------------
L2 Cache Fetches (Instruction): 481
L2 Cache Fetches (Read): 537
L2 Cache Fetches (Write): 2598
L2 Cache Misses (Instruction): 440
L2 Cache Misses (Read): 101
L2 Cache Misses (Write): 2413
----------------------------------------------------------------

----------------------------------------------------------------
Set Associativity 8, Run 8:
Total Energy (J): 0.00207195
Total Time (s): 0.000636533
----------------------------------------------------------------
Total Instructions Executed: 1000000
Reads (0): 146120
Writes (1): 116699
Fetches (2): 737181
----------------------------------------------------------------
L1 Instruction Cache Fetches: 737181
L1 Instruction Cache Misses: 481
----------------------------------------------------------------
L1 Data Cache Fetches: 262819
L1 Data Cache Misses (Read): 537
L1 Data Cache Misses (Write): 2598
----------------------------------------------------------------
L2 Cache Fetches (Instruction): 481
L2 Cache Fetches (Read): 537
L2 Cache Fetches (Write): 2598
L2 Cache Misses (Instruction): 439
L2 Cache Misses (Read): 104
L2 Cache Misses (Write): 2418
----------------------------------------------------------------

----------------------------------------------------------------
Set Associativity 8, Run 9:
Total Energy (J): 0.00207419
Total Time (s): 0.000636943
----------------------------------------------------------------
Total Instructions Executed: 1000000
Reads (0): 146120
Writes (1): 116699
Fetches (2): 737181
----------------------------------------------------------------
L1 Instruction Cache Fetches: 737181
L1 Instruction Cache Misses: 481
----------------------------------------------------------------
L1 Data Cache Fetches: 262819
L1 Data Cache Misses (Read): 537
L1 Data Cache Misses (Write): 2598
----------------------------------------------------------------
L2 Cache Fetches (Instruction): 481
L2 Cache Fetches (Read): 537
L2 Cache Fetches (Write): 2598
L2 Cache Misses (Instruction): 440
L2 Cache Misses (Read): 109
L2 Cache Misses (Write): 2421
----------------------------------------------------------------

----------------------------------------------------------------
Set Associativity 8, Run 10:
Total Energy (J): 0.00207367
Total Time (s): 0.000636852
----------------------------------------------------------------
Total Instructions Executed: 1000000
Reads (0): 146120
Writes (1): 116699
Fetches (2): 737181
----------------------------------------------------------------
L1 Instruction Cache Fetches: 737181
L1 Instruction Cache Misses: 481
----------------------------------------------------------------
L1 Data Cache Fetches: 262819
L1 Data Cache Misses (Read): 537
L1 Data Cache Misses (Write): 2598
----------------------------------------------------------------
L2 Cache Fetches (Instruction): 481
L2 Cache Fetches (Read): 537
L2 Cache Fetches (Write): 2598
L2 Cache Misses (Instruction): 444
L2 Cache Misses (Read): 98
L2 Cache Misses (Write): 2426
----------------------------------------------------------------

