----------------------------------------------------------------
Simulation Results for Set Associativity 2:
----------------------------------------------------------------
Run 1:
Total Energy (J): 0.00153552
Total Time (s): 0.000538116
----------------------------------------------------------------
Run 2:
Total Energy (J): 0.001536
Total Time (s): 0.000538207
----------------------------------------------------------------
Run 3:
Total Energy (J): 0.00153624
Total Time (s): 0.000538252
----------------------------------------------------------------
Run 4:
Total Energy (J): 0.00153455
Total Time (s): 0.000537934
----------------------------------------------------------------
Run 5:
Total Energy (J): 0.00153528
Total Time (s): 0.00053807
----------------------------------------------------------------
Run 6:
Total Energy (J): 0.00153624
Total Time (s): 0.000538252
----------------------------------------------------------------
Run 7:
Total Energy (J): 0.00153504
Total Time (s): 0.000538025
----------------------------------------------------------------
Run 8:
Total Energy (J): 0.00153624
Total Time (s): 0.000538252
----------------------------------------------------------------
Run 9:
Total Energy (J): 0.00153528
Total Time (s): 0.00053807
----------------------------------------------------------------
Run 10:
Total Energy (J): 0.00153504
Total Time (s): 0.000538025
----------------------------------------------------------------
Mean Energy (J): 0.00153554
StDev Energy (J): 5.76759e-07
Mean Time (s): 0.00053812
StDev Time (s): 1.08534e-07

----------------------------------------------------------------
Simulation Results for Set Associativity 4:
----------------------------------------------------------------
Run 1:
Total Energy (J): 0.00153504
Total Time (s): 0.000538025
----------------------------------------------------------------
Run 2:
Total Energy (J): 0.00153407
Total Time (s): 0.000537843
----------------------------------------------------------------
Run 3:
Total Energy (J): 0.00153383
Total Time (s): 0.000537797
----------------------------------------------------------------
Run 4:
Total Energy (J): 0.00153431
Total Time (s): 0.000537888
----------------------------------------------------------------
Run 5:
Total Energy (J): 0.00153407
Total Time (s): 0.000537843
----------------------------------------------------------------
Run 6:
Total Energy (J): 0.00153479
Total Time (s): 0.000537979
----------------------------------------------------------------
Run 7:
Total Energy (J): 0.00153431
Total Time (s): 0.000537888
----------------------------------------------------------------
Run 8:
Total Energy (J): 0.00153431
Total Time (s): 0.000537888
----------------------------------------------------------------
Run 9:
Total Energy (J): 0.00153407
Total Time (s): 0.000537843
----------------------------------------------------------------
Run 10:
Total Energy (J): 0.00153431
Total Time (s): 0.000537888
----------------------------------------------------------------
Mean Energy (J): 0.00153431
StDev Energy (J): 3.41943e-07
Mean Time (s): 0.000537888
StDev Time (s): 6.43467e-08

----------------------------------------------------------------
Simulation Results for Set Associativity 8:
----------------------------------------------------------------
Run 1:
Total Energy (J): 0.00153479
Total Time (s): 0.000537979
----------------------------------------------------------------
Run 2:
Total Energy (J): 0.00153697
Total Time (s): 0.000538389
----------------------------------------------------------------
Run 3:
Total Energy (J): 0.00153383
Total Time (s): 0.000537797
----------------------------------------------------------------
Run 4:
Total Energy (J): 0.00153528
Total Time (s): 0.00053807
----------------------------------------------------------------
Run 5:
Total Energy (J): 0.001536
Total Time (s): 0.000538207
----------------------------------------------------------------
Run 6:
Total Energy (J): 0.001536
Total Time (s): 0.000538207
----------------------------------------------------------------
Run 7:
Total Energy (J): 0.00153552
Total Time (s): 0.000538116
----------------------------------------------------------------
Run 8:
Total Energy (J): 0.00153431
Total Time (s): 0.000537888
----------------------------------------------------------------
Run 9:
Total Energy (J): 0.00153649
Total Time (s): 0.000538298
----------------------------------------------------------------
Run 10:
Total Energy (J): 0.00153649
Total Time (s): 0.000538298
----------------------------------------------------------------
Mean Energy (J): 0.00153557
StDev Energy (J): 9.6595e-07
Mean Time (s): 0.000538125
StDev Time (s): 1.81772e-07

