----------------------------------------------------------------
Simulation Results for Set Associativity 2:
----------------------------------------------------------------
Mean Energy (J): 0.00205284
StDev Energy (J): 2.11423e-06
Mean L1 Energy (J): 0.00715
Mean L2 Energy (J): 0.000580235
Mean DRAM Energy (J): 0.00355967

Mean Time (s): 0.000625262
StDev Time (s): 4.00322e-07
Mean Time per Instruction (ns): 0.625262

----------------------------------------------------------------
Simulation Results for Set Associativity 4:
----------------------------------------------------------------
Mean Energy (J): 0.00206949
StDev Energy (J): 1.68302e-06
Mean L1 Energy (J): 0.00715
Mean L2 Energy (J): 0.000580235
Mean DRAM Energy (J): 0.00365175

Mean Time (s): 0.000628365
StDev Time (s): 3.16838e-07
Mean Time per Instruction (ns): 0.628365

----------------------------------------------------------------
Simulation Results for Set Associativity 8:
----------------------------------------------------------------
Mean Energy (J): 0.00206714
StDev Energy (J): 3.18978e-06
Mean L1 Energy (J): 0.00715
Mean L2 Energy (J): 0.000580235
Mean DRAM Energy (J): 0.00363547

Mean Time (s): 0.000627914
StDev Time (s): 5.99151e-07
Mean Time per Instruction (ns): 0.627914

