----------------------------------------------------------------
Simulation Results for Set Associativity 2:
----------------------------------------------------------------
Mean Energy (J): 0.00175984
StDev Energy (J): 1.49258e-06
Mean L1 Energy (J): 0.00715002
Mean L2 Energy (J): 0.000597884
Mean DRAM Energy (J): 0.00193154

Mean Time (s): 0.000569649
StDev Time (s): 2.79927e-07
Mean Time per Instruction (ns): 0.569648

----------------------------------------------------------------
Simulation Results for Set Associativity 4:
----------------------------------------------------------------
Mean Energy (J): 0.00174789
StDev Energy (J): 1.85516e-06
Mean L1 Energy (J): 0.00715002
Mean L2 Energy (J): 0.000597884
Mean DRAM Energy (J): 0.00186419

Mean Time (s): 0.000567411
StDev Time (s): 3.47144e-07
Mean Time per Instruction (ns): 0.567409

----------------------------------------------------------------
Simulation Results for Set Associativity 8:
----------------------------------------------------------------
Mean Energy (J): 0.00175675
StDev Energy (J): 2.76152e-06
Mean L1 Energy (J): 0.00715002
Mean L2 Energy (J): 0.000597884
Mean DRAM Energy (J): 0.00191644

Mean Time (s): 0.000569067
StDev Time (s): 5.164e-07
Mean Time per Instruction (ns): 0.569065

