----------------------------------------------------------------
Simulation Results for Set Associativity 2:
----------------------------------------------------------------
Mean Energy (J): 0.00173137
StDev Energy (J): 1.95011e-06
Mean L1 Energy (J): 0.00715
Mean L2 Energy (J): 0.000189769
Mean DRAM Energy (J): 0.00218684

Mean Time (s): 0.000575788
StDev Time (s): 3.64028e-07
Mean Time per Instruction (ns): 0.575788

----------------------------------------------------------------
Simulation Results for Set Associativity 4:
----------------------------------------------------------------
Mean Energy (J): 0.00172642
StDev Energy (J): 1.27402e-06
Mean L1 Energy (J): 0.00715
Mean L2 Energy (J): 0.000189769
Mean DRAM Energy (J): 0.0021563

Mean Time (s): 0.000574837
StDev Time (s): 2.37996e-07
Mean Time per Instruction (ns): 0.574837

----------------------------------------------------------------
Simulation Results for Set Associativity 8:
----------------------------------------------------------------
Mean Energy (J): 0.00172751
StDev Energy (J): 1.22656e-06
Mean L1 Energy (J): 0.00715
Mean L2 Energy (J): 0.000189769
Mean DRAM Energy (J): 0.0021607

Mean Time (s): 0.000575033
StDev Time (s): 2.29719e-07
Mean Time per Instruction (ns): 0.575033

