----------------------------------------------------------------
Simulation Results for Set Associativity 2:
----------------------------------------------------------------
Mean Energy (J): 0.00168381
StDev Energy (J): 3.96627e-07
Mean L1 Energy (J): 0.00715
Mean L2 Energy (J): 0.000210576
Mean DRAM Energy (J): 0.00190041

Mean Time (s): 0.000566293
StDev Time (s): 7.46255e-08
Mean Time per Instruction (ns): 0.566293

----------------------------------------------------------------
Simulation Results for Set Associativity 4:
----------------------------------------------------------------
Mean Energy (J): 0.00168437
StDev Energy (J): 7.65182e-07
Mean L1 Energy (J): 0.00715
Mean L2 Energy (J): 0.000210576
Mean DRAM Energy (J): 0.00190406

Mean Time (s): 0.000566394
StDev Time (s): 1.4309e-07
Mean Time per Instruction (ns): 0.566394

----------------------------------------------------------------
Simulation Results for Set Associativity 8:
----------------------------------------------------------------
Mean Energy (J): 0.0016883
StDev Energy (J): 9.15111e-07
Mean L1 Energy (J): 0.00715
Mean L2 Energy (J): 0.000210576
Mean DRAM Energy (J): 0.00192567

Mean Time (s): 0.000567126
StDev Time (s): 1.7242e-07
Mean Time per Instruction (ns): 0.567126

