----------------------------------------------------------------
Simulation Results for Set Associativity 2:
----------------------------------------------------------------
Run 1:
Total Energy (J): 0.00226075
Total Time (s): 0.000639005
----------------------------------------------------------------
Run 2:
Total Energy (J): 0.00226437
Total Time (s): 0.000639687
----------------------------------------------------------------
Run 3:
Total Energy (J): 0.0022547
Total Time (s): 0.000637867
----------------------------------------------------------------
Run 4:
Total Energy (J): 0.00226655
Total Time (s): 0.000640097
----------------------------------------------------------------
Run 5:
Total Energy (J): 0.00226002
Total Time (s): 0.000638868
----------------------------------------------------------------
Run 6:
Total Energy (J): 0.00225518
Total Time (s): 0.000637958
----------------------------------------------------------------
Run 7:
Total Energy (J): 0.00226341
Total Time (s): 0.000639505
----------------------------------------------------------------
Run 8:
Total Energy (J): 0.00225954
Total Time (s): 0.000638777
----------------------------------------------------------------
Run 9:
Total Energy (J): 0.00226413
Total Time (s): 0.000639642
----------------------------------------------------------------
Run 10:
Total Energy (J): 0.00226461
Total Time (s): 0.000639733
----------------------------------------------------------------
Mean Energy (J): 0.00226133
StDev Energy (J): 3.8264e-06
Mean Time (s): 0.000639114
StDev Time (s): 7.20051e-07

----------------------------------------------------------------
Simulation Results for Set Associativity 4:
----------------------------------------------------------------
Run 1:
Total Energy (J): 0.00223149
Total Time (s): 0.000633499
----------------------------------------------------------------
Run 2:
Total Energy (J): 0.00222641
Total Time (s): 0.000632544
----------------------------------------------------------------
Run 3:
Total Energy (J): 0.00222883
Total Time (s): 0.000632999
----------------------------------------------------------------
Run 4:
Total Energy (J): 0.00222641
Total Time (s): 0.000632544
----------------------------------------------------------------
Run 5:
Total Energy (J): 0.00222593
Total Time (s): 0.000632453
----------------------------------------------------------------
Run 6:
Total Energy (J): 0.00223487
Total Time (s): 0.000634136
----------------------------------------------------------------
Run 7:
Total Energy (J): 0.0022281
Total Time (s): 0.000632862
----------------------------------------------------------------
Run 8:
Total Energy (J): 0.0022281
Total Time (s): 0.000632862
----------------------------------------------------------------
Run 9:
Total Energy (J): 0.00222496
Total Time (s): 0.000632271
----------------------------------------------------------------
Run 10:
Total Energy (J): 0.00222762
Total Time (s): 0.000632771
----------------------------------------------------------------
Mean Energy (J): 0.00222827
StDev Energy (J): 2.79485e-06
Mean Time (s): 0.000632894
StDev Time (s): 5.25934e-07

----------------------------------------------------------------
Simulation Results for Set Associativity 8:
----------------------------------------------------------------
Run 1:
Total Energy (J): 0.00223463
Total Time (s): 0.000634091
----------------------------------------------------------------
Run 2:
Total Energy (J): 0.00223512
Total Time (s): 0.000634182
----------------------------------------------------------------
Run 3:
Total Energy (J): 0.00222424
Total Time (s): 0.000632134
----------------------------------------------------------------
Run 4:
Total Energy (J): 0.00223681
Total Time (s): 0.0006345
----------------------------------------------------------------
Run 5:
Total Energy (J): 0.00223052
Total Time (s): 0.000633317
----------------------------------------------------------------
Run 6:
Total Energy (J): 0.00223149
Total Time (s): 0.000633499
----------------------------------------------------------------
Run 7:
Total Energy (J): 0.00223028
Total Time (s): 0.000633272
----------------------------------------------------------------
Run 8:
Total Energy (J): 0.00223173
Total Time (s): 0.000633545
----------------------------------------------------------------
Run 9:
Total Energy (J): 0.00222786
Total Time (s): 0.000632817
----------------------------------------------------------------
Run 10:
Total Energy (J): 0.00223076
Total Time (s): 0.000633363
----------------------------------------------------------------
Mean Energy (J): 0.00223134
StDev Energy (J): 3.46224e-06
Mean Time (s): 0.000633472
StDev Time (s): 6.51524e-07

