----------------------------------------------------------------
Simulation Results for Set Associativity 2:
----------------------------------------------------------------
Run 1:
Total Energy (J): 0.00320597
Total Time (s): 0.000829233
----------------------------------------------------------------
Run 2:
Total Energy (J): 0.00320114
Total Time (s): 0.000828323
----------------------------------------------------------------
Run 3:
Total Energy (J): 0.00319968
Total Time (s): 0.00082805
----------------------------------------------------------------
Run 4:
Total Energy (J): 0.00318494
Total Time (s): 0.000825275
----------------------------------------------------------------
Run 5:
Total Energy (J): 0.00320476
Total Time (s): 0.000829006
----------------------------------------------------------------
Run 6:
Total Energy (J): 0.00319436
Total Time (s): 0.000827049
----------------------------------------------------------------
Run 7:
Total Energy (J): 0.00318445
Total Time (s): 0.000825184
----------------------------------------------------------------
Run 8:
Total Energy (J): 0.00318421
Total Time (s): 0.000825138
----------------------------------------------------------------
Run 9:
Total Energy (J): 0.00319654
Total Time (s): 0.000827459
----------------------------------------------------------------
Run 10:
Total Energy (J): 0.00319799
Total Time (s): 0.000827732
----------------------------------------------------------------
Mean Energy (J): 0.0031954
StDev Energy (J): 7.83791e-06
Mean Time (s): 0.000827245
StDev Time (s): 1.47494e-06

----------------------------------------------------------------
Simulation Results for Set Associativity 4:
----------------------------------------------------------------
Run 1:
Total Energy (J): 0.00323813
Total Time (s): 0.000835285
----------------------------------------------------------------
Run 2:
Total Energy (J): 0.00323619
Total Time (s): 0.000834921
----------------------------------------------------------------
Run 3:
Total Energy (J): 0.00325941
Total Time (s): 0.000839289
----------------------------------------------------------------
Run 4:
Total Energy (J): 0.0032316
Total Time (s): 0.000834056
----------------------------------------------------------------
Run 5:
Total Energy (J): 0.00323184
Total Time (s): 0.000834102
----------------------------------------------------------------
Run 6:
Total Energy (J): 0.00324417
Total Time (s): 0.000836422
----------------------------------------------------------------
Run 7:
Total Energy (J): 0.00326013
Total Time (s): 0.000839425
----------------------------------------------------------------
Run 8:
Total Energy (J): 0.00325699
Total Time (s): 0.000838834
----------------------------------------------------------------
Run 9:
Total Energy (J): 0.00326328
Total Time (s): 0.000840017
----------------------------------------------------------------
Run 10:
Total Energy (J): 0.00324393
Total Time (s): 0.000836377
----------------------------------------------------------------
Mean Energy (J): 0.00324657
StDev Energy (J): 1.17e-05
Mean Time (s): 0.000836873
StDev Time (s): 2.2017e-06

----------------------------------------------------------------
Simulation Results for Set Associativity 8:
----------------------------------------------------------------
Run 1:
Total Energy (J): 0.0032744
Total Time (s): 0.00084211
----------------------------------------------------------------
Run 2:
Total Energy (J): 0.00327174
Total Time (s): 0.000841609
----------------------------------------------------------------
Run 3:
Total Energy (J): 0.00328117
Total Time (s): 0.000843384
----------------------------------------------------------------
Run 4:
Total Energy (J): 0.00330075
Total Time (s): 0.000847069
----------------------------------------------------------------
Run 5:
Total Energy (J): 0.00328383
Total Time (s): 0.000843884
----------------------------------------------------------------
Run 6:
Total Energy (J): 0.00327633
Total Time (s): 0.000842474
----------------------------------------------------------------
Run 7:
Total Energy (J): 0.00330196
Total Time (s): 0.000847297
----------------------------------------------------------------
Run 8:
Total Energy (J): 0.00329277
Total Time (s): 0.000845568
----------------------------------------------------------------
Run 9:
Total Energy (J): 0.00329833
Total Time (s): 0.000846614
----------------------------------------------------------------
Run 10:
Total Energy (J): 0.00328939
Total Time (s): 0.000844931
----------------------------------------------------------------
Mean Energy (J): 0.00328707
StDev Energy (J): 1.06306e-05
Mean Time (s): 0.000844494
StDev Time (s): 2.00047e-06

