----------------------------------------------------------------
Simulation Results for Set Associativity 2:
----------------------------------------------------------------
Mean Energy (J): 0.00207071
StDev Energy (J): 3.03563e-07
Mean L1 Energy (J): 0.00715
Mean L2 Energy (J): 0.000280237
Mean DRAM Energy (J): 0.00395901

Mean Time (s): 0.000637013
StDev Time (s): 5.82684e-08
Mean Time per Instruction (ns): 0.637013

----------------------------------------------------------------
Simulation Results for Set Associativity 4:
----------------------------------------------------------------
Mean Energy (J): 0.00207108
StDev Energy (J): 4.2026e-07
Mean L1 Energy (J): 0.00715
Mean L2 Energy (J): 0.000280237
Mean DRAM Energy (J): 0.00396104

Mean Time (s): 0.000637018
StDev Time (s): 8.152e-08
Mean Time per Instruction (ns): 0.637018

----------------------------------------------------------------
Simulation Results for Set Associativity 8:
----------------------------------------------------------------
Mean Energy (J): 0.00207114
StDev Energy (J): 3.27833e-07
Mean L1 Energy (J): 0.00715
Mean L2 Energy (J): 0.000280237
Mean DRAM Energy (J): 0.00396116

Mean Time (s): 0.000637009
StDev Time (s): 6.18867e-08
Mean Time per Instruction (ns): 0.637009

