----------------------------------------------------------------
Simulation Results for Set Associativity 2:
----------------------------------------------------------------
Run 1:
Total Energy (J): 0.00206997
Total Time (s): 0.000614725
----------------------------------------------------------------
Run 2:
Total Energy (J): 0.00206562
Total Time (s): 0.000613906
----------------------------------------------------------------
Run 3:
Total Energy (J): 0.00206465
Total Time (s): 0.000613724
----------------------------------------------------------------
Run 4:
Total Energy (J): 0.00206345
Total Time (s): 0.000613496
----------------------------------------------------------------
Run 5:
Total Energy (J): 0.00206538
Total Time (s): 0.00061386
----------------------------------------------------------------
Run 6:
Total Energy (J): 0.00206877
Total Time (s): 0.000614497
----------------------------------------------------------------
Run 7:
Total Energy (J): 0.00206538
Total Time (s): 0.00061386
----------------------------------------------------------------
Run 8:
Total Energy (J): 0.00206635
Total Time (s): 0.000614042
----------------------------------------------------------------
Run 9:
Total Energy (J): 0.00207336
Total Time (s): 0.000615362
----------------------------------------------------------------
Run 10:
Total Energy (J): 0.00207022
Total Time (s): 0.00061477
----------------------------------------------------------------
Mean Energy (J): 0.00206731
StDev Energy (J): 2.95736e-06
Mean Time (s): 0.000614224
StDev Time (s): 5.56515e-07

----------------------------------------------------------------
Simulation Results for Set Associativity 4:
----------------------------------------------------------------
Run 1:
Total Energy (J): 0.00205668
Total Time (s): 0.000612222
----------------------------------------------------------------
Run 2:
Total Energy (J): 0.00205087
Total Time (s): 0.00061113
----------------------------------------------------------------
Run 3:
Total Energy (J): 0.00204918
Total Time (s): 0.000610812
----------------------------------------------------------------
Run 4:
Total Energy (J): 0.00205015
Total Time (s): 0.000610994
----------------------------------------------------------------
Run 5:
Total Energy (J): 0.00205281
Total Time (s): 0.000611494
----------------------------------------------------------------
Run 6:
Total Energy (J): 0.00205281
Total Time (s): 0.000611494
----------------------------------------------------------------
Run 7:
Total Energy (J): 0.00205015
Total Time (s): 0.000610994
----------------------------------------------------------------
Run 8:
Total Energy (J): 0.00205136
Total Time (s): 0.000611221
----------------------------------------------------------------
Run 9:
Total Energy (J): 0.00204966
Total Time (s): 0.000610903
----------------------------------------------------------------
Run 10:
Total Energy (J): 0.0020574
Total Time (s): 0.000612359
----------------------------------------------------------------
Mean Energy (J): 0.00205211
StDev Energy (J): 2.72365e-06
Mean Time (s): 0.000611363
StDev Time (s): 5.12537e-07

----------------------------------------------------------------
Simulation Results for Set Associativity 8:
----------------------------------------------------------------
Run 1:
Total Energy (J): 0.002062
Total Time (s): 0.000613223
----------------------------------------------------------------
Run 2:
Total Energy (J): 0.00206345
Total Time (s): 0.000613496
----------------------------------------------------------------
Run 3:
Total Energy (J): 0.00206272
Total Time (s): 0.00061336
----------------------------------------------------------------
Run 4:
Total Energy (J): 0.002062
Total Time (s): 0.000613223
----------------------------------------------------------------
Run 5:
Total Energy (J): 0.00206465
Total Time (s): 0.000613724
----------------------------------------------------------------
Run 6:
Total Energy (J): 0.0020649
Total Time (s): 0.000613769
----------------------------------------------------------------
Run 7:
Total Energy (J): 0.00206224
Total Time (s): 0.000613269
----------------------------------------------------------------
Run 8:
Total Energy (J): 0.0020649
Total Time (s): 0.000613769
----------------------------------------------------------------
Run 9:
Total Energy (J): 0.00206345
Total Time (s): 0.000613496
----------------------------------------------------------------
Run 10:
Total Energy (J): 0.00206514
Total Time (s): 0.000613815
----------------------------------------------------------------
Mean Energy (J): 0.00206354
StDev Energy (J): 1.20992e-06
Mean Time (s): 0.000613515
StDev Time (s): 2.27682e-07

